#
# There is insufficient memory for the Java Runtime Environment to continue.
# Native memory allocation (mmap) failed to map 201326592 bytes for G1 virtual space
# Possible reasons:
#   The system is out of physical RAM or swap space
#   The process is running with CompressedOops enabled, and the Java Heap may be blocking the growth of the native heap
# Possible solutions:
#   Reduce memory load on the system
#   Increase physical memory or swap space
#   Check if swap backing store is full
#   Decrease Java heap size (-Xmx/-Xms)
#   Decrease number of Java threads
#   Decrease Java thread stack sizes (-Xss)
#   Set larger code cache with -XX:ReservedCodeCacheSize=
#   JVM is running with Zero Based Compressed Oops mode in which the Java heap is
#     placed in the first 32GB address space. The Java Heap base address is the
#     maximum limit for the native heap growth. Please use -XX:HeapBaseMinAddress
#     to set the Java Heap base and to place the Java Heap above 32GB virtual address.
# This output file may be truncated or incomplete.
#
#  Out of Memory Error (os_windows.cpp:3541), pid=14000, tid=16436
#
# JRE version:  (17.0.4+8) (build )
# Java VM: OpenJDK 64-Bit Server VM (17.0.4+8, mixed mode, sharing, tiered, compressed oops, compressed class ptrs, g1 gc, windows-amd64)
# No core dump will be written. Minidumps are not enabled by default on client versions of Windows
#

---------------  S U M M A R Y ------------

Command Line: -javaagent:C:\Program Files\JetBrains\IntelliJ IDEA Community Edition 2022.2.1\lib\idea_rt.jar=61439:C:\Program Files\JetBrains\IntelliJ IDEA Community Edition 2022.2.1\bin -Dfile.encoding=UTF-8 Enum.Main

Host: Intel(R) Core(TM) i7-4770 CPU @ 3.40GHz, 8 cores, 11G,  Windows 10 , 64 bit Build 19041 (10.0.19041.2546)
Time: Mon Feb 27 09:59:39 2023 Közép-európai téli idBuild 19041 (10.0.19041.2546) elapsed time: 0.045316 seconds (0d 0h 0m 0s)

---------------  T H R E A D  ---------------

Current thread (0x000001c7b306d290):  JavaThread "Unknown thread" [_thread_in_vm, id=16436, stack(0x0000000a20600000,0x0000000a20700000)]

Stack: [0x0000000a20600000,0x0000000a20700000]
Native frames: (J=compiled Java code, j=interpreted, Vv=VM code, C=native code)
V  [jvm.dll+0x67733a]
V  [jvm.dll+0x8323c4]
V  [jvm.dll+0x833b6e]
V  [jvm.dll+0x8341d3]
V  [jvm.dll+0x2455e5]
V  [jvm.dll+0x674229]
V  [jvm.dll+0x668ab2]
V  [jvm.dll+0x30458b]
V  [jvm.dll+0x30bad6]
V  [jvm.dll+0x35ba7e]
V  [jvm.dll+0x35bcaf]
V  [jvm.dll+0x2db428]
V  [jvm.dll+0x2dc394]
V  [jvm.dll+0x803ef1]
V  [jvm.dll+0x3698d1]
V  [jvm.dll+0x7e320c]
V  [jvm.dll+0x3ec23f]
V  [jvm.dll+0x3eddc1]
C  [jli.dll+0x5277]
C  [ucrtbase.dll+0x21bb2]
C  [KERNEL32.DLL+0x17614]
C  [ntdll.dll+0x526a1]


---------------  P R O C E S S  ---------------

Threads class SMR info:
_java_thread_list=0x00007ffe1cf74e98, length=0, elements={
}

Java Threads: ( => current thread )

Other Threads:
  0x000001c7b30c57c0 GCTaskThread "GC Thread#0" [stack: 0x0000000a20700000,0x0000000a20800000] [id=9524]
  0x000001c7b30d2550 ConcurrentGCThread "G1 Main Marker" [stack: 0x0000000a20800000,0x0000000a20900000] [id=10436]
  0x000001c7b30d3700 ConcurrentGCThread "G1 Conc#0" [stack: 0x0000000a20900000,0x0000000a20a00000] [id=10384]

[error occurred during error reporting (printing all threads), id 0xc0000005, EXCEPTION_ACCESS_VIOLATION (0xc0000005) at pc=0x00007ffe1c74beb7]

VM state: not at safepoint (not fully initialized)

VM Mutex/Monitor currently owned by a thread:  ([mutex/lock_event])
[0x000001c7b3068810] Heap_lock - owner thread: 0x000001c7b306d290

Heap address: 0x0000000741a00000, size: 3046 MB, Compressed Oops mode: Zero based, Oop shift amount: 3

CDS archive(s) mapped at: [0x0000000000000000-0x0000000000000000-0x0000000000000000), size 0, SharedBaseAddress: 0x0000000800000000, ArchiveRelocationMode: 0.
Narrow klass base: 0x0000000000000000, Narrow klass shift: 0, Narrow klass range: 0x0

GC Precious Log:
<Empty>

Heap:
 garbage-first heap   total 0K, used 0K [0x0000000741a00000, 0x0000000800000000)
  region size 2048K, 0 young (0K), 0 survivors (0K)

[error occurred during error reporting (printing heap information), id 0xc0000005, EXCEPTION_ACCESS_VIOLATION (0xc0000005) at pc=0x00007ffe1cb306b9]

GC Heap History (0 events):
No events

Deoptimization events (0 events):
No events

Classes unloaded (0 events):
No events

Classes redefined (0 events):
No events

Internal exceptions (0 events):
No events

VM Operations (0 events):
No events

Events (1 events):
Event: 0.033 Loaded shared library C:\Users\balaz\.jdks\temurin-17.0.4\bin\java.dll


Dynamic libraries:
0x00007ff716550000 - 0x00007ff71655e000 	C:\Users\balaz\.jdks\temurin-17.0.4\bin\java.exe
0x00007ffe8a770000 - 0x00007ffe8a968000 	C:\WINDOWS\SYSTEM32\ntdll.dll
0x00007ffe8a2a0000 - 0x00007ffe8a35f000 	C:\WINDOWS\System32\KERNEL32.DLL
0x00007ffe884d0000 - 0x00007ffe887a2000 	C:\WINDOWS\System32\KERNELBASE.dll
0x00007ffe882c0000 - 0x00007ffe883c0000 	C:\WINDOWS\System32\ucrtbase.dll
0x00007ffe78950000 - 0x00007ffe78969000 	C:\Users\balaz\.jdks\temurin-17.0.4\bin\VCRUNTIME140.dll
0x00007ffe789e0000 - 0x00007ffe789f8000 	C:\Users\balaz\.jdks\temurin-17.0.4\bin\jli.dll
0x00007ffe8a360000 - 0x00007ffe8a501000 	C:\WINDOWS\System32\USER32.dll
0x00007ffe7e120000 - 0x00007ffe7e3ba000 	C:\WINDOWS\WinSxS\amd64_microsoft.windows.common-controls_6595b64144ccf1df_6.0.19041.1110_none_60b5254171f9507e\COMCTL32.dll
0x00007ffe881b0000 - 0x00007ffe881d2000 	C:\WINDOWS\System32\win32u.dll
0x00007ffe88a60000 - 0x00007ffe88afe000 	C:\WINDOWS\System32\msvcrt.dll
0x00007ffe88b10000 - 0x00007ffe88b3b000 	C:\WINDOWS\System32\GDI32.dll
0x00007ffe883c0000 - 0x00007ffe884cf000 	C:\WINDOWS\System32\gdi32full.dll
0x00007ffe87ed0000 - 0x00007ffe87f6d000 	C:\WINDOWS\System32\msvcp_win.dll
0x00007ffe88b40000 - 0x00007ffe88b72000 	C:\WINDOWS\System32\IMM32.DLL
0x00007ffe82870000 - 0x00007ffe8287c000 	C:\Users\balaz\.jdks\temurin-17.0.4\bin\vcruntime140_1.dll
0x00007ffe69880000 - 0x00007ffe69911000 	C:\Users\balaz\.jdks\temurin-17.0.4\bin\msvcp140.dll
0x00007ffe1c460000 - 0x00007ffe1d0a6000 	C:\Users\balaz\.jdks\temurin-17.0.4\bin\server\jvm.dll
0x00007ffe889b0000 - 0x00007ffe88a5e000 	C:\WINDOWS\System32\ADVAPI32.dll
0x00007ffe890c0000 - 0x00007ffe8915c000 	C:\WINDOWS\System32\sechost.dll
0x00007ffe88d30000 - 0x00007ffe88e55000 	C:\WINDOWS\System32\RPCRT4.dll
0x00007ffe88b00000 - 0x00007ffe88b08000 	C:\WINDOWS\System32\PSAPI.DLL
0x00007ffe7ac00000 - 0x00007ffe7ac27000 	C:\WINDOWS\SYSTEM32\WINMM.dll
0x00007ffe82140000 - 0x00007ffe8214a000 	C:\WINDOWS\SYSTEM32\VERSION.dll
0x00007ffe813f0000 - 0x00007ffe813f9000 	C:\WINDOWS\SYSTEM32\WSOCK32.dll
0x00007ffe8a1d0000 - 0x00007ffe8a23b000 	C:\WINDOWS\System32\WS2_32.dll
0x00007ffe85d40000 - 0x00007ffe85d52000 	C:\WINDOWS\SYSTEM32\kernel.appcore.dll
0x00007ffe81e40000 - 0x00007ffe81e4a000 	C:\Users\balaz\.jdks\temurin-17.0.4\bin\jimage.dll
0x00007ffe82cf0000 - 0x00007ffe82ed4000 	C:\WINDOWS\SYSTEM32\DBGHELP.DLL
0x00007ffe82170000 - 0x00007ffe821a5000 	C:\WINDOWS\SYSTEM32\dbgcore.DLL
0x00007ffe88230000 - 0x00007ffe882b2000 	C:\WINDOWS\System32\bcryptPrimitives.dll
0x00007ffe837d0000 - 0x00007ffe837de000 	C:\Users\balaz\.jdks\temurin-17.0.4\bin\instrument.dll
0x00007ffe6eb80000 - 0x00007ffe6eba5000 	C:\Users\balaz\.jdks\temurin-17.0.4\bin\java.dll

dbghelp: loaded successfully - version: 4.0.5 - missing functions: none
symbol engine: initialized successfully - sym options: 0x614 - pdb path: .;C:\Users\balaz\.jdks\temurin-17.0.4\bin;C:\WINDOWS\SYSTEM32;C:\WINDOWS\WinSxS\amd64_microsoft.windows.common-controls_6595b64144ccf1df_6.0.19041.1110_none_60b5254171f9507e;C:\Users\balaz\.jdks\temurin-17.0.4\bin\server

VM Arguments:
jvm_args: -javaagent:C:\Program Files\JetBrains\IntelliJ IDEA Community Edition 2022.2.1\lib\idea_rt.jar=61439:C:\Program Files\JetBrains\IntelliJ IDEA Community Edition 2022.2.1\bin -Dfile.encoding=UTF-8 
java_command: Enum.Main
java_class_path (initial): C:\Dev\Java projects\RepositoryOfKnowledge\out\production\RepositoryOfKnowledge
Launcher Type: SUN_STANDARD

[Global flags]
     intx CICompilerCount                          = 4                                         {product} {ergonomic}
     uint ConcGCThreads                            = 2                                         {product} {ergonomic}
     uint G1ConcRefinementThreads                  = 8                                         {product} {ergonomic}
   size_t G1HeapRegionSize                         = 2097152                                   {product} {ergonomic}
    uintx GCDrainStackTargetSize                   = 64                                        {product} {ergonomic}
   size_t InitialHeapSize                          = 201326592                                 {product} {ergonomic}
   size_t MarkStackSize                            = 4194304                                   {product} {ergonomic}
   size_t MaxHeapSize                              = 3193962496                                {product} {ergonomic}
   size_t MinHeapDeltaBytes                        = 2097152                                   {product} {ergonomic}
   size_t MinHeapSize                              = 8388608                                   {product} {ergonomic}
    uintx NonNMethodCodeHeapSize                   = 5839372                                {pd product} {ergonomic}
    uintx NonProfiledCodeHeapSize                  = 122909434                              {pd product} {ergonomic}
    uintx ProfiledCodeHeapSize                     = 122909434                              {pd product} {ergonomic}
    uintx ReservedCodeCacheSize                    = 251658240                              {pd product} {ergonomic}
     bool SegmentedCodeCache                       = true                                      {product} {ergonomic}
   size_t SoftMaxHeapSize                          = 3193962496                             {manageable} {ergonomic}
     bool UseCompressedClassPointers               = true                           {product lp64_product} {ergonomic}
     bool UseCompressedOops                        = true                           {product lp64_product} {ergonomic}
     bool UseG1GC                                  = true                                      {product} {ergonomic}
     bool UseLargePagesIndividualAllocation        = false                                  {pd product} {ergonomic}

Logging:
Log output configuration:
 #0: stdout all=warning uptime,level,tags
 #1: stderr all=off uptime,level,tags

Environment Variables:
JAVA_HOME=C:\Program Files\Java\jdk-17.0.1
PATH=C:\Program Files\Common Files\Oracle\Java\javapath;C:\Program Files (x86)\Common Files\Oracle\Java\javapath;C:\ProgramData\Oracle\Java\javapath;C:\WINDOWS\system32;C:\WINDOWS;C:\WINDOWS\System32\Wbem;C:\WINDOWS\System32\WindowsPowerShell\v1.0\;C:\WINDOWS\System32\OpenSSH\;C:\Program Files\dotnet\;C:\Program Files\Microsoft SQL Server\130\Tools\Binn\;C:\Program Files\Java\jdk-17.0.1\bin;C:\Program Files (x86)\NVIDIA Corporation\PhysX\Common;C:\Program Files\NVIDIA Corporation\NVIDIA NvDLISR;C:\Program Files\Git\cmd;C:\Users\balaz\AppData\Local\Microsoft\WindowsApps;
USERNAME=balaz
OS=Windows_NT
PROCESSOR_IDENTIFIER=Intel64 Family 6 Model 60 Stepping 3, GenuineIntel
TMP=C:\Users\balaz\AppData\Local\Temp
TEMP=C:\Users\balaz\AppData\Local\Temp



---------------  S Y S T E M  ---------------

OS:
 Windows 10 , 64 bit Build 19041 (10.0.19041.2546)
OS uptime: 11 days 10:46 hours

CPU: total 8 (initial active 8) (4 cores per cpu, 2 threads per core) family 6 model 60 stepping 3 microcode 0x27, cx8, cmov, fxsr, ht, mmx, sse, sse2, sse3, ssse3, sse4.1, sse4.2, popcnt, lzcnt, tsc, tscinvbit, avx, avx2, aes, erms, clmul, bmi1, bmi2, fma, vzeroupper, clflush

Memory: 4k page, system-wide physical 12178M (3298M free)
TotalPageFile size 15153M (AvailPageFile size 153M)
current process WorkingSet (physical memory assigned to process): 10M, peak: 10M
current process commit charge ("private bytes"): 60M, peak: 252M

vm_info: OpenJDK 64-Bit Server VM (17.0.4+8) for windows-amd64 JRE (17.0.4+8), built on Jul 19 2022 16:05:16 by "temurin" with MS VC++ 16.7 (VS2019)

END.
